# JRE version: OpenJDK Runtime Environment (8.0_212-b04) (build 1.8.0_212-release-1586-b04)
# Java VM: OpenJDK 64-Bit Server VM (25.212-b04 mixed mode windows-amd64 compressed oops)
Heap:
 PSYoungGen      total 179200K, used 143278K [0x00000000e0000000, 0x00000000ed080000, 0x0000000100000000)
  eden space 165376K, 80% used [0x00000000e0000000,0x00000000e8141120,0x00000000ea180000)
  from space 13824K, 79% used [0x00000000ec300000,0x00000000ecdaa998,0x00000000ed080000)
  to   space 24064K, 0% used [0x00000000ea180000,0x00000000ea180000,0x00000000eb900000)
 ParOldGen       total 138240K, used 59529K [0x00000000a0000000, 0x00000000a8700000, 0x00000000e0000000)
  object space 138240K, 43% used [0x00000000a0000000,0x00000000a3a22570,0x00000000a8700000)
 Metaspace       used 89773K, capacity 95040K, committed 95128K, reserved 1132544K
  class space    used 11910K, capacity 12887K, committed 12968K, reserved 1048576K
GC Heap History (10 events):
Event: 229.429 GC heap before
{Heap before GC invocations=19 (full 3):
 PSYoungGen      total 218624K, used 211059K [0x00000000e0000000, 0x00000000f0c80000, 0x0000000100000000)
  eden space 193024K, 100% used [0x00000000e0000000,0x00000000ebc80000,0x00000000ebc80000)
  from space 25600K, 70% used [0x00000000ebc80000,0x00000000ece1cc90,0x00000000ed580000)
  to   space 26624K, 0% used [0x00000000ef280000,0x00000000ef280000,0x00000000f0c80000)
 ParOldGen       total 138240K, used 59489K [0x00000000a0000000, 0x00000000a8700000, 0x00000000e0000000)
  object space 138240K, 43% used [0x00000000a0000000,0x00000000a3a18570,0x00000000a8700000)
 Metaspace       used 86743K, capacity 90748K, committed 90904K, reserved 1128448K
  class space    used 11682K, capacity 12487K, committed 12584K, reserved 1048576K
Event: 229.449 GC heap after
Heap after GC invocations=19 (full 3):
 PSYoungGen      total 205312K, used 18427K [0x00000000e0000000, 0x00000000f0480000, 0x0000000100000000)
  eden space 186880K, 0% used [0x00000000e0000000,0x00000000e0000000,0x00000000eb680000)
  from space 18432K, 99% used [0x00000000ef280000,0x00000000f047ee30,0x00000000f0480000)
  to   space 27648K, 0% used [0x00000000ece80000,0x00000000ece80000,0x00000000ee980000)
 ParOldGen       total 138240K, used 59497K [0x00000000a0000000, 0x00000000a8700000, 0x00000000e0000000)
  object space 138240K, 43% used [0x00000000a0000000,0x00000000a3a1a570,0x00000000a8700000)
 Metaspace       used 86743K, capacity 90748K, committed 90904K, reserved 1128448K
  class space    used 11682K, capacity 12487K, committed 12584K, reserved 1048576K
}
Event: 777.865 GC heap before
{Heap before GC invocations=20 (full 3):
 PSYoungGen      total 205312K, used 205307K [0x00000000e0000000, 0x00000000f0480000, 0x0000000100000000)
  eden space 186880K, 100% used [0x00000000e0000000,0x00000000eb680000,0x00000000eb680000)
  from space 18432K, 99% used [0x00000000ef280000,0x00000000f047ee30,0x00000000f0480000)
  to   space 27648K, 0% used [0x00000000ece80000,0x00000000ece80000,0x00000000ee980000)
 ParOldGen       total 138240K, used 59497K [0x00000000a0000000, 0x00000000a8700000, 0x00000000e0000000)
  object space 138240K, 43% used [0x00000000a0000000,0x00000000a3a1a570,0x00000000a8700000)
 Metaspace       used 87790K, capacity 92146K, committed 92312K, reserved 1128448K
  class space    used 11750K, capacity 12614K, committed 12712K, reserved 1048576K
Event: 777.878 GC heap after
Heap after GC invocations=20 (full 3):
 PSYoungGen      total 194048K, used 12330K [0x00000000e0000000, 0x00000000ef300000, 0x0000000100000000)
  eden space 181248K, 0% used [0x00000000e0000000,0x00000000e0000000,0x00000000eb100000)
  from space 12800K, 96% used [0x00000000ece80000,0x00000000eda8a998,0x00000000edb00000)
  to   space 24576K, 0% used [0x00000000edb00000,0x00000000edb00000,0x00000000ef300000)
 ParOldGen       total 138240K, used 59505K [0x00000000a0000000, 0x00000000a8700000, 0x00000000e0000000)
  object space 138240K, 43% used [0x00000000a0000000,0x00000000a3a1c570,0x00000000a8700000)
 Metaspace       used 87790K, capacity 92146K, committed 92312K, reserved 1128448K
  class space    used 11750K, capacity 12614K, committed 12712K, reserved 1048576K
}
Event: 781.544 GC heap before
{Heap before GC invocations=21 (full 3):
 PSYoungGen      total 194048K, used 193578K [0x00000000e0000000, 0x00000000ef300000, 0x0000000100000000)
  eden space 181248K, 100% used [0x00000000e0000000,0x00000000eb100000,0x00000000eb100000)
  from space 12800K, 96% used [0x00000000ece80000,0x00000000eda8a998,0x00000000edb00000)
  to   space 24576K, 0% used [0x00000000edb00000,0x00000000edb00000,0x00000000ef300000)
 ParOldGen       total 138240K, used 59505K [0x00000000a0000000, 0x00000000a8700000, 0x00000000e0000000)
  object space 138240K, 43% used [0x00000000a0000000,0x00000000a3a1c570,0x00000000a8700000)
 Metaspace       used 88482K, capacity 92970K, committed 93080K, reserved 1130496K
  class space    used 11788K, capacity 12664K, committed 12712K, reserved 1048576K
Event: 781.557 GC heap after
Heap after GC invocations=21 (full 3):
 PSYoungGen      total 190464K, used 14603K [0x00000000e0000000, 0x00000000ee980000, 0x0000000100000000)
  eden space 175616K, 0% used [0x00000000e0000000,0x00000000e0000000,0x00000000eab80000)
  from space 14848K, 98% used [0x00000000edb00000,0x00000000ee942c20,0x00000000ee980000)
  to   space 25600K, 0% used [0x00000000eb780000,0x00000000eb780000,0x00000000ed080000)
 ParOldGen       total 138240K, used 59513K [0x00000000a0000000, 0x00000000a8700000, 0x00000000e0000000)
  object space 138240K, 43% used [0x00000000a0000000,0x00000000a3a1e570,0x00000000a8700000)
 Metaspace       used 88482K, capacity 92970K, committed 93080K, reserved 1130496K
  class space    used 11788K, capacity 12664K, committed 12712K, reserved 1048576K
}
Event: 1290.571 GC heap before
{Heap before GC invocations=22 (full 3):
 PSYoungGen      total 190464K, used 190219K [0x00000000e0000000, 0x00000000ee980000, 0x0000000100000000)
  eden space 175616K, 100% used [0x00000000e0000000,0x00000000eab80000,0x00000000eab80000)
  from space 14848K, 98% used [0x00000000edb00000,0x00000000ee942c20,0x00000000ee980000)
  to   space 25600K, 0% used [0x00000000eb780000,0x00000000eb780000,0x00000000ed080000)
 ParOldGen       total 138240K, used 59513K [0x00000000a0000000, 0x00000000a8700000, 0x00000000e0000000)
  object space 138240K, 43% used [0x00000000a0000000,0x00000000a3a1e570,0x00000000a8700000)
 Metaspace       used 89031K, capacity 93798K, committed 93976K, reserved 1130496K
  class space    used 11834K, capacity 12748K, committed 12840K, reserved 1048576K
Event: 1290.580 GC heap after
Heap after GC invocations=22 (full 3):
 PSYoungGen      total 178688K, used 7925K [0x00000000e0000000, 0x00000000edb80000, 0x0000000100000000)
  eden space 170496K, 0% used [0x00000000e0000000,0x00000000e0000000,0x00000000ea680000)
  from space 8192K, 96% used [0x00000000eb780000,0x00000000ebf3d670,0x00000000ebf80000)
  to   space 25088K, 0% used [0x00000000ec300000,0x00000000ec300000,0x00000000edb80000)
 ParOldGen       total 138240K, used 59521K [0x00000000a0000000, 0x00000000a8700000, 0x00000000e0000000)
  object space 138240K, 43% used [0x00000000a0000000,0x00000000a3a20570,0x00000000a8700000)
 Metaspace       used 89031K, capacity 93798K, committed 93976K, reserved 1130496K
  class space    used 11834K, capacity 12748K, committed 12840K, reserved 1048576K
}
Event: 5695.709 GC heap before
{Heap before GC invocations=23 (full 3):
 PSYoungGen      total 178688K, used 178421K [0x00000000e0000000, 0x00000000edb80000, 0x0000000100000000)
  eden space 170496K, 100% used [0x00000000e0000000,0x00000000ea680000,0x00000000ea680000)
  from space 8192K, 96% used [0x00000000eb780000,0x00000000ebf3d670,0x00000000ebf80000)
  to   space 25088K, 0% used [0x00000000ec300000,0x00000000ec300000,0x00000000edb80000)
 ParOldGen       total 138240K, used 59521K [0x00000000a0000000, 0x00000000a8700000, 0x00000000e0000000)
  object space 138240K, 43% used [0x00000000a0000000,0x00000000a3a20570,0x00000000a8700000)
 Metaspace       used 89471K, capacity 94530K, committed 94744K, reserved 1130496K
  class space    used 11877K, capacity 12826K, committed 12840K, reserved 1048576K
Event: 5695.721 GC heap after
Heap after GC invocations=23 (full 3):
 PSYoungGen      total 179200K, used 10922K [0x00000000e0000000, 0x00000000ed080000, 0x0000000100000000)
  eden space 165376K, 0% used [0x00000000e0000000,0x00000000e0000000,0x00000000ea180000)
  from space 13824K, 79% used [0x00000000ec300000,0x00000000ecdaa998,0x00000000ed080000)
  to   space 24064K, 0% used [0x00000000ea180000,0x00000000ea180000,0x00000000eb900000)
 ParOldGen       total 138240K, used 59529K [0x00000000a0000000, 0x00000000a8700000, 0x00000000e0000000)
  object space 138240K, 43% used [0x00000000a0000000,0x00000000a3a22570,0x00000000a8700000)
 Metaspace       used 89471K, capacity 94530K, committed 94744K, reserved 1130496K
  class space    used 11877K, capacity 12826K, committed 12840K, reserved 1048576K
}

